<?xml version="1.0" encoding="UTF-8"?>
<!-- Generated by org.testng.reporters.JUnitXMLReporter -->
<testsuite ignored="0" hostname="saramise-mac" failures="0" tests="5" name="Default test" time="0.308" errors="0" timestamp="2024-01-06T13:27:03 IST">
  <testcase classname="datadriven.dataproviderexcel" name="dataprovidercalls" time="0.002"/>
  <testcase classname="datadriven.dataproviderexcel" name="dataprovidercalls" time="0.0"/>
  <testcase classname="datadriven.dataproviderexcel" name="dataprovidercalls" time="0.0"/>
  <testcase classname="datadriven.dataproviderexcel" name="dataprovidercalls" time="0.0"/>
  <testcase classname="datadriven.dataproviderexcel" name="dataprovidercalls" time="0.001"/>
</testsuite> <!-- Default test -->
