<?xml version="1.0" encoding="UTF-8"?>
<!-- Generated by org.testng.reporters.JUnitXMLReporter -->
<testsuite ignored="0" hostname="saramise-mac" failures="0" tests="4" name="Default test" time="38.111" errors="0" timestamp="2023-12-30T23:06:19 IST">
  <testcase classname="shoppingsite.tests.SubmitOrderTest" name="SubmitOrder" time="9.297"/>
  <testcase classname="shoppingsite.tests.SubmitOrderTest" name="SubmitOrder" time="9.405"/>
  <testcase classname="shoppingsite.tests.SubmitOrderTest" name="OrderHistoryTest" time="0.498"/>
  <testcase classname="shoppingsite.tests.SubmitOrderTest" name="OrderHistoryTest" time="0.499"/>
</testsuite> <!-- Default test -->
