<?xml version="1.0" encoding="UTF-8"?>
<!-- Generated by org.testng.reporters.JUnitXMLReporter -->
<testsuite ignored="2" hostname="saramise-mac" failures="0" tests="0" time="0.001" errors="0" timestamp="2023-12-30T23:02:45 IST">
  <testcase classname="shoppingsite.tests.errorValidations" name="ProductNameErrorCheck" time="0.0">
    <ignored/>
  </testcase> <!-- ProductNameErrorCheck -->
  <testcase classname="shoppingsite.tests.errorValidations" name="loginErrorCheck" time="0.0">
    <ignored/>
  </testcase> <!-- loginErrorCheck -->
</testsuite>
