<?xml version="1.0" encoding="UTF-8"?>
<!-- Generated by org.testng.reporters.JUnitXMLReporter -->
<testsuite ignored="1" hostname="saramise-mac" failures="1" tests="1" name="SubmitOrderTest" time="0.046" errors="0" timestamp="2023-12-30T23:02:45 IST">
  <testcase classname="shoppingsite.tests.SubmitOrderTest" name="SubmitOrder" time="0.0">
    <failure type="java.lang.RuntimeException" message="java.lang.NoClassDefFoundError: com/fasterxml/jackson/annotation/JsonView">
      <![CDATA[java.lang.RuntimeException: java.lang.NoClassDefFoundError: com/fasterxml/jackson/annotation/JsonView
at java.base/java.util.concurrent.ThreadPoolExecutor.runWorker(ThreadPoolExecutor.java:1136)
at java.base/java.util.concurrent.ThreadPoolExecutor$Worker.run(ThreadPoolExecutor.java:635)
at java.base/java.lang.Thread.run(Thread.java:833)
Caused by: java.lang.NoClassDefFoundError: com/fasterxml/jackson/annotation/JsonView
at com.fasterxml.jackson.databind.introspect.JacksonAnnotationIntrospector.<clinit>(JacksonAnnotationIntrospector.java:37)
at com.fasterxml.jackson.databind.ObjectMapper.<clinit>(ObjectMapper.java:400)
at shoppingsite.testcomponents.BaseTest.getJsonDataToMap(BaseTest.java:55)
at shoppingsite.tests.SubmitOrderTest.getData(SubmitOrderTest.java:86)
... 12 more
Caused by: java.lang.ClassNotFoundException: com.fasterxml.jackson.annotation.JsonView
at java.base/jdk.internal.loader.BuiltinClassLoader.loadClass(BuiltinClassLoader.java:641)
at java.base/jdk.internal.loader.ClassLoaders$AppClassLoader.loadClass(ClassLoaders.java:188)
at java.base/java.lang.ClassLoader.loadClass(ClassLoader.java:520)
... 23 more
... Removed 17 stack frames]]>
    </failure>
  </testcase> <!-- SubmitOrder -->
  <testcase classname="shoppingsite.tests.SubmitOrderTest" name="OrderHistoryTest" time="0.0">
    <ignored/>
  </testcase> <!-- OrderHistoryTest -->
</testsuite> <!-- SubmitOrderTest -->
