<?xml version="1.0" encoding="UTF-8"?>
<testng-results ignored="0" total="1" passed="1" failed="0" skipped="0">
  <reporter-output>
  </reporter-output>
  <suite started-at="2023-12-28T23:23:55 IST" name="Suite" finished-at="2023-12-28T23:24:00 IST" duration-ms="5059">
    <groups>
      <group name="ErrorHandling">
        <method signature="errorValidations.loginErrorCheck()[pri:0, instance:shoppingsite.tests.errorValidations@6c80d78a]" name="loginErrorCheck" class="shoppingsite.tests.errorValidations"/>
      </group> <!-- ErrorHandling -->
    </groups>
    <test started-at="2023-12-28T23:23:55 IST" name="SubmitOrderTest" finished-at="2023-12-28T23:23:55 IST" duration-ms="6">
    </test> <!-- SubmitOrderTest -->
    <test started-at="2023-12-28T23:23:55 IST" name="errorValidations" finished-at="2023-12-28T23:24:00 IST" duration-ms="5021">
      <class name="shoppingsite.tests.errorValidations">
        <test-method is-config="true" signature="launchApp()[pri:0, instance:shoppingsite.tests.errorValidations@6c80d78a]" started-at="2023-12-28T23:23:55 IST" name="launchApp" finished-at="2023-12-28T23:23:59 IST" duration-ms="4263" status="PASS">
          <reporter-output>
          </reporter-output>
        </test-method> <!-- launchApp -->
        <test-method signature="loginErrorCheck()[pri:0, instance:shoppingsite.tests.errorValidations@6c80d78a]" started-at="2023-12-28T23:23:59 IST" name="loginErrorCheck" finished-at="2023-12-28T23:23:59 IST" duration-ms="317" status="PASS">
          <reporter-output>
          </reporter-output>
        </test-method> <!-- loginErrorCheck -->
        <test-method is-config="true" signature="closeDriver()[pri:0, instance:shoppingsite.tests.errorValidations@6c80d78a]" started-at="2023-12-28T23:23:59 IST" name="closeDriver" finished-at="2023-12-28T23:24:00 IST" duration-ms="429" status="PASS">
          <reporter-output>
          </reporter-output>
        </test-method> <!-- closeDriver -->
      </class> <!-- shoppingsite.tests.errorValidations -->
    </test> <!-- errorValidations -->
  </suite> <!-- Suite -->
</testng-results>
