<?xml version="1.0" encoding="UTF-8"?>
<testng-results ignored="0" total="4" passed="4" failed="0" skipped="0">
  <reporter-output>
  </reporter-output>
  <suite started-at="2023-12-30T23:05:41 IST" name="Default suite" finished-at="2023-12-30T23:06:19 IST" duration-ms="38111">
    <groups>
      <group name="purchaseorder">
        <method signature="SubmitOrderTest.SubmitOrder(java.util.HashMap)[pri:0, instance:shoppingsite.tests.SubmitOrderTest@50a638b5]" name="SubmitOrder" class="shoppingsite.tests.SubmitOrderTest"/>
      </group> <!-- purchaseorder -->
    </groups>
    <test started-at="2023-12-30T23:05:41 IST" name="Default test" finished-at="2023-12-30T23:06:19 IST" duration-ms="38111">
      <class name="shoppingsite.tests.SubmitOrderTest">
        <test-method is-config="true" signature="launchApp()[pri:0, instance:shoppingsite.tests.SubmitOrderTest@50a638b5]" started-at="2023-12-30T23:05:41 IST" name="launchApp" finished-at="2023-12-30T23:05:46 IST" duration-ms="4801" status="PASS">
          <reporter-output>
          </reporter-output>
        </test-method> <!-- launchApp -->
        <test-method signature="SubmitOrder(java.util.HashMap)[pri:0, instance:shoppingsite.tests.SubmitOrderTest@50a638b5]" started-at="2023-12-30T23:05:46 IST" name="SubmitOrder" data-provider="getData" finished-at="2023-12-30T23:05:56 IST" duration-ms="9297" status="PASS">
          <params>
            <param index="0">
              <value>
                <![CDATA[{productname=ZARA COAT 3, passwd=Nuzvid@123, email=testpractice1@gmail.com}]]>
              </value>
            </param>
          </params>
          <reporter-output>
          </reporter-output>
        </test-method> <!-- SubmitOrder -->
        <test-method is-config="true" signature="closeDriver()[pri:0, instance:shoppingsite.tests.SubmitOrderTest@50a638b5]" started-at="2023-12-30T23:05:56 IST" name="closeDriver" finished-at="2023-12-30T23:05:56 IST" duration-ms="413" status="PASS">
          <reporter-output>
          </reporter-output>
        </test-method> <!-- closeDriver -->
        <test-method is-config="true" signature="launchApp()[pri:0, instance:shoppingsite.tests.SubmitOrderTest@50a638b5]" started-at="2023-12-30T23:05:56 IST" name="launchApp" finished-at="2023-12-30T23:05:59 IST" duration-ms="3460" status="PASS">
          <reporter-output>
          </reporter-output>
        </test-method> <!-- launchApp -->
        <test-method signature="SubmitOrder(java.util.HashMap)[pri:0, instance:shoppingsite.tests.SubmitOrderTest@50a638b5]" started-at="2023-12-30T23:05:59 IST" name="SubmitOrder" data-provider="getData" finished-at="2023-12-30T23:06:09 IST" duration-ms="9405" status="PASS">
          <params>
            <param index="0">
              <value>
                <![CDATA[{productname=ADIDAS ORIGINAL, passwd=Nuzvid@123, email=testpractice1@gmail.com}]]>
              </value>
            </param>
          </params>
          <reporter-output>
          </reporter-output>
        </test-method> <!-- SubmitOrder -->
        <test-method is-config="true" signature="closeDriver()[pri:0, instance:shoppingsite.tests.SubmitOrderTest@50a638b5]" started-at="2023-12-30T23:06:09 IST" name="closeDriver" finished-at="2023-12-30T23:06:09 IST" duration-ms="407" status="PASS">
          <reporter-output>
          </reporter-output>
        </test-method> <!-- closeDriver -->
        <test-method is-config="true" signature="launchApp()[pri:0, instance:shoppingsite.tests.SubmitOrderTest@50a638b5]" started-at="2023-12-30T23:06:09 IST" name="launchApp" finished-at="2023-12-30T23:06:14 IST" duration-ms="4773" status="PASS">
          <reporter-output>
          </reporter-output>
        </test-method> <!-- launchApp -->
        <test-method signature="OrderHistoryTest(java.util.HashMap)[pri:0, instance:shoppingsite.tests.SubmitOrderTest@50a638b5]" started-at="2023-12-30T23:06:14 IST" name="OrderHistoryTest" data-provider="getData" finished-at="2023-12-30T23:06:14 IST" depends-on-methods="shoppingsite.tests.SubmitOrderTest.SubmitOrder" duration-ms="498" status="PASS">
          <params>
            <param index="0">
              <value>
                <![CDATA[{productname=ZARA COAT 3, passwd=Nuzvid@123, email=testpractice1@gmail.com}]]>
              </value>
            </param>
          </params>
          <reporter-output>
          </reporter-output>
        </test-method> <!-- OrderHistoryTest -->
        <test-method is-config="true" signature="closeDriver()[pri:0, instance:shoppingsite.tests.SubmitOrderTest@50a638b5]" started-at="2023-12-30T23:06:14 IST" name="closeDriver" finished-at="2023-12-30T23:06:15 IST" duration-ms="393" status="PASS">
          <reporter-output>
          </reporter-output>
        </test-method> <!-- closeDriver -->
        <test-method is-config="true" signature="launchApp()[pri:0, instance:shoppingsite.tests.SubmitOrderTest@50a638b5]" started-at="2023-12-30T23:06:15 IST" name="launchApp" finished-at="2023-12-30T23:06:18 IST" duration-ms="3551" status="PASS">
          <reporter-output>
          </reporter-output>
        </test-method> <!-- launchApp -->
        <test-method signature="OrderHistoryTest(java.util.HashMap)[pri:0, instance:shoppingsite.tests.SubmitOrderTest@50a638b5]" started-at="2023-12-30T23:06:18 IST" name="OrderHistoryTest" data-provider="getData" finished-at="2023-12-30T23:06:19 IST" depends-on-methods="shoppingsite.tests.SubmitOrderTest.SubmitOrder" duration-ms="499" status="PASS">
          <params>
            <param index="0">
              <value>
                <![CDATA[{productname=ADIDAS ORIGINAL, passwd=Nuzvid@123, email=testpractice1@gmail.com}]]>
              </value>
            </param>
          </params>
          <reporter-output>
          </reporter-output>
        </test-method> <!-- OrderHistoryTest -->
        <test-method is-config="true" signature="closeDriver()[pri:0, instance:shoppingsite.tests.SubmitOrderTest@50a638b5]" started-at="2023-12-30T23:06:19 IST" name="closeDriver" finished-at="2023-12-30T23:06:19 IST" duration-ms="492" status="PASS">
          <reporter-output>
          </reporter-output>
        </test-method> <!-- closeDriver -->
      </class> <!-- shoppingsite.tests.SubmitOrderTest -->
    </test> <!-- Default test -->
  </suite> <!-- Default suite -->
</testng-results>
