<?xml version="1.0" encoding="UTF-8"?>
<testng-results ignored="0" total="5" passed="5" failed="0" skipped="0">
  <reporter-output>
  </reporter-output>
  <suite started-at="2024-01-06T13:27:03 IST" name="Default suite" finished-at="2024-01-06T13:27:03 IST" duration-ms="308">
    <groups>
    </groups>
    <test started-at="2024-01-06T13:27:03 IST" name="Default test" finished-at="2024-01-06T13:27:03 IST" duration-ms="308">
      <class name="datadriven.dataproviderexcel">
        <test-method signature="dataprovidercalls(java.lang.String,java.lang.String,java.lang.String)[pri:0, instance:datadriven.dataproviderexcel@1ab3a8c8]" started-at="2024-01-06T13:27:03 IST" name="dataprovidercalls" data-provider="DriveTest" finished-at="2024-01-06T13:27:03 IST" duration-ms="2" status="PASS">
          <params>
            <param index="0">
              <value is-null="true"/>
            </param>
            <param index="1">
              <value is-null="true"/>
            </param>
            <param index="2">
              <value is-null="true"/>
            </param>
          </params>
          <reporter-output>
          </reporter-output>
        </test-method> <!-- dataprovidercalls -->
        <test-method signature="dataprovidercalls(java.lang.String,java.lang.String,java.lang.String)[pri:0, instance:datadriven.dataproviderexcel@1ab3a8c8]" started-at="2024-01-06T13:27:03 IST" name="dataprovidercalls" data-provider="DriveTest" finished-at="2024-01-06T13:27:03 IST" duration-ms="0" status="PASS">
          <params>
            <param index="0">
              <value>
                <![CDATA[hello]]>
              </value>
            </param>
            <param index="1">
              <value>
                <![CDATA[yash]]>
              </value>
            </param>
            <param index="2">
              <value>
                <![CDATA[1]]>
              </value>
            </param>
          </params>
          <reporter-output>
          </reporter-output>
        </test-method> <!-- dataprovidercalls -->
        <test-method signature="dataprovidercalls(java.lang.String,java.lang.String,java.lang.String)[pri:0, instance:datadriven.dataproviderexcel@1ab3a8c8]" started-at="2024-01-06T13:27:03 IST" name="dataprovidercalls" data-provider="DriveTest" finished-at="2024-01-06T13:27:03 IST" duration-ms="0" status="PASS">
          <params>
            <param index="0">
              <value>
                <![CDATA[bye]]>
              </value>
            </param>
            <param index="1">
              <value>
                <![CDATA[satya]]>
              </value>
            </param>
            <param index="2">
              <value>
                <![CDATA[2]]>
              </value>
            </param>
          </params>
          <reporter-output>
          </reporter-output>
        </test-method> <!-- dataprovidercalls -->
        <test-method signature="dataprovidercalls(java.lang.String,java.lang.String,java.lang.String)[pri:0, instance:datadriven.dataproviderexcel@1ab3a8c8]" started-at="2024-01-06T13:27:03 IST" name="dataprovidercalls" data-provider="DriveTest" finished-at="2024-01-06T13:27:03 IST" duration-ms="0" status="PASS">
          <params>
            <param index="0">
              <value>
                <![CDATA[solo]]>
              </value>
            </param>
            <param index="1">
              <value>
                <![CDATA[tej]]>
              </value>
            </param>
            <param index="2">
              <value>
                <![CDATA[3]]>
              </value>
            </param>
          </params>
          <reporter-output>
          </reporter-output>
        </test-method> <!-- dataprovidercalls -->
        <test-method signature="dataprovidercalls(java.lang.String,java.lang.String,java.lang.String)[pri:0, instance:datadriven.dataproviderexcel@1ab3a8c8]" started-at="2024-01-06T13:27:03 IST" name="dataprovidercalls" data-provider="DriveTest" finished-at="2024-01-06T13:27:03 IST" duration-ms="1" status="PASS">
          <params>
            <param index="0">
              <value>
                <![CDATA[rips]]>
              </value>
            </param>
            <param index="1">
              <value>
                <![CDATA[book]]>
              </value>
            </param>
            <param index="2">
              <value>
                <![CDATA[4]]>
              </value>
            </param>
          </params>
          <reporter-output>
          </reporter-output>
        </test-method> <!-- dataprovidercalls -->
      </class> <!-- datadriven.dataproviderexcel -->
    </test> <!-- Default test -->
  </suite> <!-- Default suite -->
</testng-results>
