<?xml version="1.0" encoding="UTF-8"?>
<testng-results ignored="0" total="3" passed="3" failed="0" skipped="0">
  <reporter-output>
  </reporter-output>
  <suite started-at="2023-12-28T22:50:08 IST" name="Suite" finished-at="2023-12-28T22:50:54 IST" duration-ms="46532">
    <groups>
    </groups>
    <test started-at="2023-12-28T22:50:08 IST" name="SubmitOrderTest" finished-at="2023-12-28T22:50:29 IST" duration-ms="21136">
      <class name="shoppingsite.tests.SubmitOrderTest">
        <test-method is-config="true" signature="launchApp()[pri:0, instance:shoppingsite.tests.SubmitOrderTest@63021689]" started-at="2023-12-28T22:50:08 IST" name="launchApp" finished-at="2023-12-28T22:50:11 IST" duration-ms="3650" status="PASS">
          <reporter-output>
          </reporter-output>
        </test-method> <!-- launchApp -->
        <test-method signature="SubmitOrder()[pri:0, instance:shoppingsite.tests.SubmitOrderTest@63021689]" started-at="2023-12-28T22:50:11 IST" name="SubmitOrder" finished-at="2023-12-28T22:50:28 IST" duration-ms="17064" status="PASS">
          <reporter-output>
          </reporter-output>
        </test-method> <!-- SubmitOrder -->
        <test-method is-config="true" signature="closeDriver()[pri:0, instance:shoppingsite.tests.SubmitOrderTest@63021689]" started-at="2023-12-28T22:50:28 IST" name="closeDriver" finished-at="2023-12-28T22:50:29 IST" duration-ms="404" status="PASS">
          <reporter-output>
          </reporter-output>
        </test-method> <!-- closeDriver -->
      </class> <!-- shoppingsite.tests.SubmitOrderTest -->
    </test> <!-- SubmitOrderTest -->
    <test started-at="2023-12-28T22:50:29 IST" name="errorValidations" finished-at="2023-12-28T22:50:54 IST" duration-ms="25374">
      <class name="shoppingsite.tests.errorValidations">
        <test-method is-config="true" signature="launchApp()[pri:0, instance:shoppingsite.tests.errorValidations@795cd85e]" started-at="2023-12-28T22:50:29 IST" name="launchApp" finished-at="2023-12-28T22:50:32 IST" duration-ms="3532" status="PASS">
          <reporter-output>
          </reporter-output>
        </test-method> <!-- launchApp -->
        <test-method signature="ProductNameErrorCheck()[pri:0, instance:shoppingsite.tests.errorValidations@795cd85e]" started-at="2023-12-28T22:50:32 IST" name="ProductNameErrorCheck" finished-at="2023-12-28T22:50:49 IST" duration-ms="16941" status="PASS">
          <reporter-output>
          </reporter-output>
        </test-method> <!-- ProductNameErrorCheck -->
        <test-method is-config="true" signature="closeDriver()[pri:0, instance:shoppingsite.tests.errorValidations@795cd85e]" started-at="2023-12-28T22:50:49 IST" name="closeDriver" finished-at="2023-12-28T22:50:50 IST" duration-ms="399" status="PASS">
          <reporter-output>
          </reporter-output>
        </test-method> <!-- closeDriver -->
        <test-method is-config="true" signature="launchApp()[pri:0, instance:shoppingsite.tests.errorValidations@795cd85e]" started-at="2023-12-28T22:50:50 IST" name="launchApp" finished-at="2023-12-28T22:50:53 IST" duration-ms="3791" status="PASS">
          <reporter-output>
          </reporter-output>
        </test-method> <!-- launchApp -->
        <test-method signature="loginErrorCheck()[pri:0, instance:shoppingsite.tests.errorValidations@795cd85e]" started-at="2023-12-28T22:50:53 IST" name="loginErrorCheck" finished-at="2023-12-28T22:50:54 IST" duration-ms="290" status="PASS">
          <reporter-output>
          </reporter-output>
        </test-method> <!-- loginErrorCheck -->
        <test-method is-config="true" signature="closeDriver()[pri:0, instance:shoppingsite.tests.errorValidations@795cd85e]" started-at="2023-12-28T22:50:54 IST" name="closeDriver" finished-at="2023-12-28T22:50:54 IST" duration-ms="418" status="PASS">
          <reporter-output>
          </reporter-output>
        </test-method> <!-- closeDriver -->
      </class> <!-- shoppingsite.tests.errorValidations -->
    </test> <!-- errorValidations -->
  </suite> <!-- Suite -->
</testng-results>
